{"/Users/akosolah/work/rock-papper-scissors/public/src/utils/Component.spec.js":{"path":"/Users/akosolah/work/rock-papper-scissors/public/src/utils/Component.spec.js","s":{"1":1,"2":1,"3":1,"4":1,"5":1,"6":1,"7":1,"8":1,"9":1,"10":1,"11":1,"12":1,"13":1,"14":1,"15":1,"16":1,"17":1,"18":1,"19":4,"20":1,"21":1,"22":1,"23":1,"24":1,"25":1,"26":1,"27":1,"28":1,"29":1,"30":1,"31":1,"32":1,"33":1,"34":1},"b":{},"f":{},"fnMap":{},"statementMap":{"1":{"start":{"line":2,"column":0},"end":{"line":2,"column":29}},"2":{"start":{"line":4,"column":0},"end":{"line":4,"column":29}},"3":{"start":{"line":5,"column":0},"end":{"line":5,"column":51}},"4":{"start":{"line":6,"column":0},"end":{"line":6,"column":38}},"5":{"start":{"line":7,"column":0},"end":{"line":7,"column":42}},"6":{"start":{"line":9,"column":0},"end":{"line":9,"column":41}},"7":{"start":{"line":11,"column":0},"end":{"line":11,"column":25}},"8":{"start":{"line":13,"column":0},"end":{"line":59,"column":3}},"9":{"start":{"line":14,"column":2},"end":{"line":14,"column":16}},"10":{"start":{"line":16,"column":2},"end":{"line":16,"column":83}},"11":{"start":{"line":17,"column":2},"end":{"line":17,"column":88}},"12":{"start":{"line":19,"column":2},"end":{"line":19,"column":34}},"13":{"start":{"line":20,"column":2},"end":{"line":20,"column":39}},"14":{"start":{"line":21,"column":2},"end":{"line":21,"column":37}},"15":{"start":{"line":22,"column":2},"end":{"line":22,"column":41}},"16":{"start":{"line":23,"column":2},"end":{"line":23,"column":54}},"17":{"start":{"line":24,"column":2},"end":{"line":24,"column":28}},"18":{"start":{"line":25,"column":2},"end":{"line":25,"column":40}},"19":{"start":{"line":25,"column":26},"end":{"line":25,"column":38}},"20":{"start":{"line":27,"column":2},"end":{"line":32,"column":5}},"21":{"start":{"line":28,"column":4},"end":{"line":28,"column":49}},"22":{"start":{"line":29,"column":4},"end":{"line":31,"column":43}},"23":{"start":{"line":33,"column":2},"end":{"line":38,"column":5}},"24":{"start":{"line":34,"column":4},"end":{"line":34,"column":51}},"25":{"start":{"line":35,"column":4},"end":{"line":37,"column":43}},"26":{"start":{"line":40,"column":2},"end":{"line":45,"column":5}},"27":{"start":{"line":41,"column":4},"end":{"line":41,"column":49}},"28":{"start":{"line":42,"column":4},"end":{"line":44,"column":44}},"29":{"start":{"line":46,"column":2},"end":{"line":51,"column":5}},"30":{"start":{"line":47,"column":4},"end":{"line":47,"column":49}},"31":{"start":{"line":48,"column":4},"end":{"line":50,"column":44}},"32":{"start":{"line":52,"column":2},"end":{"line":58,"column":5}},"33":{"start":{"line":53,"column":4},"end":{"line":53,"column":49}},"34":{"start":{"line":54,"column":4},"end":{"line":57,"column":44}}},"branchMap":{}},"/Users/akosolah/work/rock-papper-scissors/public/src/utils/Component.js":{"path":"/Users/akosolah/work/rock-papper-scissors/public/src/utils/Component.js","s":{"1":5,"2":5,"3":5,"4":5,"5":0,"6":5,"7":4,"8":4,"9":4,"10":1,"11":4,"12":4,"13":4,"14":4,"15":1,"16":1},"b":{"1":[5,0],"2":[5,1],"3":[1,0]},"f":{"1":5,"2":5,"3":4},"fnMap":{"1":{"name":"(anonymous_1)","line":2,"loc":{"start":{"line":2,"column":14},"end":{"line":2,"column":25}}},"2":{"name":"(anonymous_2)","line":6,"loc":{"start":{"line":6,"column":9},"end":{"line":6,"column":35}}},"3":{"name":"(anonymous_3)","line":21,"loc":{"start":{"line":21,"column":16},"end":{"line":21,"column":31}}}},"statementMap":{"1":{"start":{"line":3,"column":4},"end":{"line":3,"column":29}},"2":{"start":{"line":4,"column":4},"end":{"line":4,"column":19}},"3":{"start":{"line":7,"column":4},"end":{"line":7,"column":29}},"4":{"start":{"line":8,"column":4},"end":{"line":8,"column":49}},"5":{"start":{"line":8,"column":35},"end":{"line":8,"column":46}},"6":{"start":{"line":9,"column":4},"end":{"line":19,"column":9}},"7":{"start":{"line":11,"column":8},"end":{"line":11,"column":29}},"8":{"start":{"line":14,"column":8},"end":{"line":14,"column":54}},"9":{"start":{"line":15,"column":8},"end":{"line":15,"column":25}},"10":{"start":{"line":18,"column":8},"end":{"line":18,"column":18}},"11":{"start":{"line":22,"column":4},"end":{"line":25,"column":5}},"12":{"start":{"line":23,"column":6},"end":{"line":23,"column":43}},"13":{"start":{"line":24,"column":6},"end":{"line":24,"column":43}},"14":{"start":{"line":26,"column":4},"end":{"line":26,"column":16}},"15":{"start":{"line":30,"column":0},"end":{"line":32,"column":1}},"16":{"start":{"line":31,"column":2},"end":{"line":31,"column":29}}},"branchMap":{"1":{"line":7,"type":"binary-expr","locations":[{"start":{"line":7,"column":13},"end":{"line":7,"column":19}},{"start":{"line":7,"column":23},"end":{"line":7,"column":28}}]},"2":{"line":8,"type":"binary-expr","locations":[{"start":{"line":8,"column":14},"end":{"line":8,"column":21}},{"start":{"line":8,"column":26},"end":{"line":8,"column":47}}]},"3":{"line":30,"type":"if","locations":[{"start":{"line":30,"column":0},"end":{"line":30,"column":0}},{"start":{"line":30,"column":0},"end":{"line":30,"column":0}}]}}},"/Users/akosolah/work/rock-papper-scissors/public/src/utils/Controller.spec.js":{"path":"/Users/akosolah/work/rock-papper-scissors/public/src/utils/Controller.spec.js","s":{"1":1,"2":1,"3":1,"4":1,"5":1,"6":1,"7":1,"8":1,"9":1,"10":1,"11":1,"12":3,"13":1,"14":1,"15":5,"16":1,"17":1,"18":1,"19":1,"20":1,"21":1,"22":1,"23":1,"24":1,"25":1,"26":1,"27":1,"28":1,"29":1,"30":1,"31":1,"32":1,"33":1,"34":1,"35":1,"36":1,"37":0},"b":{},"f":{"1":5},"fnMap":{"1":{"name":"(anonymous_1)","line":22,"loc":{"start":{"line":22,"column":13},"end":{"line":22,"column":24}}}},"statementMap":{"1":{"start":{"line":3,"column":0},"end":{"line":3,"column":29}},"2":{"start":{"line":4,"column":0},"end":{"line":4,"column":51}},"3":{"start":{"line":5,"column":0},"end":{"line":5,"column":38}},"4":{"start":{"line":7,"column":0},"end":{"line":7,"column":43}},"5":{"start":{"line":9,"column":0},"end":{"line":9,"column":25}},"6":{"start":{"line":11,"column":0},"end":{"line":65,"column":3}},"7":{"start":{"line":12,"column":2},"end":{"line":12,"column":17}},"8":{"start":{"line":13,"column":2},"end":{"line":13,"column":11}},"9":{"start":{"line":15,"column":2},"end":{"line":15,"column":86}},"10":{"start":{"line":16,"column":2},"end":{"line":16,"column":32}},"11":{"start":{"line":17,"column":2},"end":{"line":19,"column":4}},"12":{"start":{"line":18,"column":26},"end":{"line":18,"column":51}},"13":{"start":{"line":20,"column":2},"end":{"line":20,"column":50}},"14":{"start":{"line":22,"column":2},"end":{"line":24,"column":5}},"15":{"start":{"line":23,"column":4},"end":{"line":23,"column":35}},"16":{"start":{"line":26,"column":2},"end":{"line":30,"column":5}},"17":{"start":{"line":27,"column":4},"end":{"line":27,"column":38}},"18":{"start":{"line":28,"column":4},"end":{"line":29,"column":23}},"19":{"start":{"line":31,"column":2},"end":{"line":38,"column":5}},"20":{"start":{"line":32,"column":4},"end":{"line":32,"column":38}},"21":{"start":{"line":33,"column":4},"end":{"line":37,"column":9}},"22":{"start":{"line":35,"column":8},"end":{"line":35,"column":59}},"23":{"start":{"line":36,"column":8},"end":{"line":36,"column":51}},"24":{"start":{"line":40,"column":2},"end":{"line":46,"column":5}},"25":{"start":{"line":41,"column":4},"end":{"line":41,"column":38}},"26":{"start":{"line":42,"column":4},"end":{"line":45,"column":9}},"27":{"start":{"line":44,"column":8},"end":{"line":44,"column":51}},"28":{"start":{"line":48,"column":2},"end":{"line":55,"column":5}},"29":{"start":{"line":49,"column":4},"end":{"line":49,"column":38}},"30":{"start":{"line":50,"column":4},"end":{"line":54,"column":5}},"31":{"start":{"line":51,"column":6},"end":{"line":51,"column":46}},"32":{"start":{"line":53,"column":6},"end":{"line":53,"column":55}},"33":{"start":{"line":57,"column":2},"end":{"line":64,"column":5}},"34":{"start":{"line":58,"column":4},"end":{"line":58,"column":34}},"35":{"start":{"line":59,"column":4},"end":{"line":63,"column":5}},"36":{"start":{"line":60,"column":6},"end":{"line":60,"column":50}},"37":{"start":{"line":62,"column":6},"end":{"line":62,"column":55}}},"branchMap":{}},"/Users/akosolah/work/rock-papper-scissors/public/src/utils/Controller.js":{"path":"/Users/akosolah/work/rock-papper-scissors/public/src/utils/Controller.js","s":{"1":5,"2":4,"3":4,"4":1,"5":3,"6":3,"7":2,"8":1,"9":1,"10":1,"11":1,"12":1,"13":1},"b":{"1":[4,3],"2":[1,3],"3":[4,4],"4":[1,0]},"f":{"1":5,"2":4,"3":1},"fnMap":{"1":{"name":"(anonymous_1)","line":2,"loc":{"start":{"line":2,"column":13},"end":{"line":2,"column":20}}},"2":{"name":"(anonymous_2)","line":5,"loc":{"start":{"line":5,"column":13},"end":{"line":5,"column":45}}},"3":{"name":"UserException","line":25,"loc":{"start":{"line":25,"column":0},"end":{"line":25,"column":32}}}},"statementMap":{"1":{"start":{"line":3,"column":4},"end":{"line":3,"column":21}},"2":{"start":{"line":6,"column":4},"end":{"line":6,"column":33}},"3":{"start":{"line":7,"column":4},"end":{"line":9,"column":5}},"4":{"start":{"line":8,"column":6},"end":{"line":8,"column":49}},"5":{"start":{"line":10,"column":4},"end":{"line":18,"column":9}},"6":{"start":{"line":13,"column":8},"end":{"line":13,"column":32}},"7":{"start":{"line":14,"column":8},"end":{"line":14,"column":20}},"8":{"start":{"line":17,"column":8},"end":{"line":17,"column":18}},"9":{"start":{"line":21,"column":0},"end":{"line":23,"column":1}},"10":{"start":{"line":22,"column":2},"end":{"line":22,"column":30}},"11":{"start":{"line":25,"column":0},"end":{"line":28,"column":1}},"12":{"start":{"line":26,"column":2},"end":{"line":26,"column":25}},"13":{"start":{"line":27,"column":2},"end":{"line":27,"column":30}}},"branchMap":{"1":{"line":6,"type":"binary-expr","locations":[{"start":{"line":6,"column":13},"end":{"line":6,"column":19}},{"start":{"line":6,"column":23},"end":{"line":6,"column":32}}]},"2":{"line":7,"type":"if","locations":[{"start":{"line":7,"column":4},"end":{"line":7,"column":4}},{"start":{"line":7,"column":4},"end":{"line":7,"column":4}}]},"3":{"line":7,"type":"binary-expr","locations":[{"start":{"line":7,"column":8},"end":{"line":7,"column":22}},{"start":{"line":7,"column":26},"end":{"line":7,"column":33}}]},"4":{"line":21,"type":"if","locations":[{"start":{"line":21,"column":0},"end":{"line":21,"column":0}},{"start":{"line":21,"column":0},"end":{"line":21,"column":0}}]}}}}