TN:
SF:/Users/akosolah/work/rock-papper-scissors/public/src/utils/Component.spec.js
FN:9,(anonymous_1)
FNF:1
FNH:0
FNDA:0,(anonymous_1)
DA:3,1
DA:5,1
DA:7,1
DA:8,1
DA:9,1
DA:10,0
DA:13,1
DA:14,1
DA:15,1
DA:16,1
LF:10
LH:9
BRF:0
BRH:0
end_of_record
TN:
SF:/Users/akosolah/work/rock-papper-scissors/public/src/utils/Component.js
FN:2,(anonymous_1)
FN:6,(anonymous_2)
FN:19,(anonymous_3)
FNF:3
FNH:0
FNDA:0,(anonymous_1)
FNDA:0,(anonymous_2)
FNDA:0,(anonymous_3)
DA:3,0
DA:4,0
DA:7,0
DA:9,0
DA:12,0
DA:13,0
DA:16,0
DA:20,0
DA:21,0
DA:22,0
DA:24,0
LF:11
LH:0
BRF:0
BRH:0
end_of_record
TN:
SF:/Users/akosolah/work/rock-papper-scissors/public/src/utils/Controller.spec.js
FN:9,(anonymous_1)
FNF:1
FNH:0
FNDA:0,(anonymous_1)
DA:3,1
DA:5,1
DA:7,1
DA:8,1
DA:9,1
DA:10,0
DA:13,1
DA:14,1
DA:15,1
DA:16,1
LF:10
LH:9
BRF:0
BRH:0
end_of_record
TN:
SF:/Users/akosolah/work/rock-papper-scissors/public/src/utils/Controller.js
FN:2,(anonymous_1)
FN:5,(anonymous_2)
FNF:2
FNH:0
FNDA:0,(anonymous_1)
FNDA:0,(anonymous_2)
DA:3,0
DA:6,0
DA:9,0
DA:12,0
LF:4
LH:0
BRF:0
BRH:0
end_of_record
