TN:
SF:/Users/akosolah/work/rock-papper-scissors/public/src/utils/Component.spec.js
FNF:0
FNH:0
DA:2,1
DA:4,1
DA:5,1
DA:6,1
DA:7,1
DA:9,1
DA:11,1
DA:13,1
DA:14,1
DA:16,1
DA:17,1
DA:19,1
DA:20,1
DA:21,1
DA:22,1
DA:23,1
DA:24,1
DA:25,4
DA:27,1
DA:28,1
DA:29,1
DA:33,1
DA:34,1
DA:35,1
DA:40,1
DA:41,1
DA:42,1
DA:46,1
DA:47,1
DA:48,1
DA:52,1
DA:53,1
DA:54,1
LF:33
LH:33
BRF:0
BRH:0
end_of_record
TN:
SF:/Users/akosolah/work/rock-papper-scissors/public/src/utils/Component.js
FN:2,(anonymous_1)
FN:6,(anonymous_2)
FN:21,(anonymous_3)
FNF:3
FNH:3
FNDA:5,(anonymous_1)
FNDA:5,(anonymous_2)
FNDA:4,(anonymous_3)
DA:3,5
DA:4,5
DA:7,5
DA:8,5
DA:9,5
DA:11,4
DA:14,4
DA:15,4
DA:18,1
DA:22,4
DA:23,4
DA:24,4
DA:26,4
DA:30,1
DA:31,1
LF:15
LH:15
BRDA:7,1,0,5
BRDA:7,1,1,0
BRDA:8,2,0,5
BRDA:8,2,1,1
BRDA:30,3,0,1
BRDA:30,3,1,0
BRF:6
BRH:4
end_of_record
TN:
SF:/Users/akosolah/work/rock-papper-scissors/public/src/utils/Controller.spec.js
FN:22,(anonymous_1)
FNF:1
FNH:1
FNDA:5,(anonymous_1)
DA:3,1
DA:4,1
DA:5,1
DA:7,1
DA:9,1
DA:11,1
DA:12,1
DA:13,1
DA:15,1
DA:16,1
DA:17,1
DA:18,3
DA:20,1
DA:22,1
DA:23,5
DA:26,1
DA:27,1
DA:28,1
DA:31,1
DA:32,1
DA:33,1
DA:35,1
DA:36,1
DA:40,1
DA:41,1
DA:42,1
DA:44,1
DA:48,1
DA:49,1
DA:50,1
DA:51,1
DA:53,1
DA:57,1
DA:58,1
DA:59,1
DA:60,1
DA:62,0
LF:37
LH:36
BRF:0
BRH:0
end_of_record
TN:
SF:/Users/akosolah/work/rock-papper-scissors/public/src/utils/Controller.js
FN:2,(anonymous_1)
FN:5,(anonymous_2)
FN:25,UserException
FNF:3
FNH:3
FNDA:5,(anonymous_1)
FNDA:4,(anonymous_2)
FNDA:1,UserException
DA:3,5
DA:6,4
DA:7,4
DA:8,1
DA:10,3
DA:13,3
DA:14,2
DA:17,1
DA:21,1
DA:22,1
DA:25,1
DA:26,1
DA:27,1
LF:13
LH:13
BRDA:6,1,0,4
BRDA:6,1,1,3
BRDA:7,2,0,1
BRDA:7,2,1,3
BRDA:7,3,0,4
BRDA:7,3,1,4
BRDA:21,4,0,1
BRDA:21,4,1,0
BRF:8
BRH:7
end_of_record
